<?xml version="1.0" encoding="UTF-8"?>
<testsuite name="com.grupo04.culturarte.CulturarteApi2ApplicationTests" tests="1" skipped="0" failures="0" errors="0" timestamp="2023-11-19T06:42:37" hostname="ALENOVO" time="0.923">
  <properties/>
  <testcase name="contextLoads()" classname="com.grupo04.culturarte.CulturarteApi2ApplicationTests" time="0.923"/>
  <system-out><![CDATA[00:42:24.937 [Test worker] INFO org.springframework.test.context.support.AnnotationConfigContextLoaderUtils -- Could not detect default configuration classes for test class [com.grupo04.culturarte.CulturarteApi2ApplicationTests]: CulturarteApi2ApplicationTests does not declare any static, non-private, non-final, nested classes annotated with @Configuration.
00:42:25.130 [Test worker] INFO org.springframework.boot.test.context.SpringBootTestContextBootstrapper -- Found @SpringBootConfiguration com.grupo04.culturarte.CulturarteApi2Application for test class com.grupo04.culturarte.CulturarteApi2ApplicationTests

  .   ____          _            __ _ _
 /\\ / ___'_ __ _ _(_)_ __  __ _ \ \ \ \
( ( )\___ | '_ | '_| | '_ \/ _` | \ \ \ \
 \\/  ___)| |_)| | | | | || (_| |  ) ) ) )
  '  |____| .__|_| |_|_| |_\__, | / / / /
 =========|_|==============|___/=/_/_/_/
 :: Spring Boot ::                (v3.1.1)

2023-11-19T00:42:25.917-06:00  INFO 18340 --- [    Test worker] c.g.c.CulturarteApi2ApplicationTests     : Starting CulturarteApi2ApplicationTests using Java 17.0.7 with PID 18340 (started by alema in C:\Users\alema\OneDrive\Escritorio\CulturarteAPI)
2023-11-19T00:42:25.922-06:00  INFO 18340 --- [    Test worker] c.g.c.CulturarteApi2ApplicationTests     : No active profile set, falling back to 1 default profile: "default"
2023-11-19T00:42:27.191-06:00  INFO 18340 --- [    Test worker] .s.d.r.c.RepositoryConfigurationDelegate : Bootstrapping Spring Data JPA repositories in DEFAULT mode.
2023-11-19T00:42:27.427-06:00  INFO 18340 --- [    Test worker] .s.d.r.c.RepositoryConfigurationDelegate : Finished Spring Data repository scanning in 221 ms. Found 15 JPA repository interfaces.
2023-11-19T00:42:28.402-06:00  INFO 18340 --- [    Test worker] com.zaxxer.hikari.HikariDataSource       : HikariPool-1 - Starting...
2023-11-19T00:42:29.925-06:00  INFO 18340 --- [    Test worker] com.zaxxer.hikari.pool.HikariPool        : HikariPool-1 - Added connection org.postgresql.jdbc.PgConnection@62f9c790
2023-11-19T00:42:29.925-06:00  INFO 18340 --- [    Test worker] com.zaxxer.hikari.HikariDataSource       : HikariPool-1 - Start completed.
2023-11-19T00:42:30.019-06:00  INFO 18340 --- [    Test worker] o.hibernate.jpa.internal.util.LogHelper  : HHH000204: Processing PersistenceUnitInfo [name: default]
2023-11-19T00:42:30.137-06:00  INFO 18340 --- [    Test worker] org.hibernate.Version                    : HHH000412: Hibernate ORM core version 6.2.5.Final
2023-11-19T00:42:30.145-06:00  INFO 18340 --- [    Test worker] org.hibernate.cfg.Environment            : HHH000406: Using bytecode reflection optimizer
2023-11-19T00:42:30.479-06:00  INFO 18340 --- [    Test worker] o.h.b.i.BytecodeProviderInitiator        : HHH000021: Bytecode provider name : bytebuddy
2023-11-19T00:42:30.819-06:00  INFO 18340 --- [    Test worker] o.s.o.j.p.SpringPersistenceUnitInfo      : No LoadTimeWeaver setup: ignoring JPA class transformer
2023-11-19T00:42:31.722-06:00  INFO 18340 --- [    Test worker] o.h.b.i.BytecodeProviderInitiator        : HHH000021: Bytecode provider name : bytebuddy
2023-11-19T00:42:33.314-06:00  INFO 18340 --- [    Test worker] o.h.e.t.j.p.i.JtaPlatformInitiator       : HHH000490: Using JtaPlatform implementation: [org.hibernate.engine.transaction.jta.platform.internal.NoJtaPlatform]
2023-11-19T00:42:33.320-06:00  INFO 18340 --- [    Test worker] j.LocalContainerEntityManagerFactoryBean : Initialized JPA EntityManagerFactory for persistence unit 'default'
2023-11-19T00:42:35.147-06:00  WARN 18340 --- [    Test worker] JpaBaseConfiguration$JpaWebConfiguration : spring.jpa.open-in-view is enabled by default. Therefore, database queries may be performed during view rendering. Explicitly configure spring.jpa.open-in-view to disable this warning
2023-11-19T00:42:36.222-06:00  INFO 18340 --- [    Test worker] o.s.s.web.DefaultSecurityFilterChain     : Will secure any request with [org.springframework.security.web.session.DisableEncodeUrlFilter@183e64a8, org.springframework.security.web.context.request.async.WebAsyncManagerIntegrationFilter@7a553110, org.springframework.security.web.context.SecurityContextHolderFilter@11df0bc7, org.springframework.security.web.header.HeaderWriterFilter@36def543, org.springframework.web.filter.CorsFilter@4b8466c2, org.springframework.security.web.authentication.logout.LogoutFilter@327ac23, com.grupo04.culturarte.utils.JWTTokenFilter@134ec0f3, org.springframework.security.web.authentication.www.BasicAuthenticationFilter@40874f54, org.springframework.security.web.savedrequest.RequestCacheAwareFilter@6ccfce5a, org.springframework.security.web.servletapi.SecurityContextHolderAwareRequestFilter@31f4fdc5, org.springframework.security.web.authentication.AnonymousAuthenticationFilter@2044f708, org.springframework.security.web.session.SessionManagementFilter@41d6d6c4, org.springframework.security.web.access.ExceptionTranslationFilter@485a5c9, org.springframework.security.web.access.intercept.AuthorizationFilter@50f65fe0]
2023-11-19T00:42:37.294-06:00  WARN 18340 --- [    Test worker] o.s.b.a.m.MustacheAutoConfiguration      : Cannot find template location: classpath:/templates/ (please add some templates, check your Mustache configuration, or set spring.mustache.check-template-location=false)
2023-11-19T00:42:37.433-06:00  INFO 18340 --- [    Test worker] c.g.c.CulturarteApi2ApplicationTests     : Started CulturarteApi2ApplicationTests in 11.989 seconds (process running for 14.022)
]]></system-out>
  <system-err><![CDATA[]]></system-err>
</testsuite>
